<?xml version="1.0" encoding="UTF-8"?>
<testng-results skipped="0" failed="0" ignored="0" total="1" passed="1">
  <reporter-output>
  </reporter-output>
  <suite name="Suite" duration-ms="9868" started-at="2018-12-15T22:40:33Z" finished-at="2018-12-15T22:40:43Z">
    <groups>
    </groups>
    <test name="Test" duration-ms="9868" started-at="2018-12-15T22:40:33Z" finished-at="2018-12-15T22:40:43Z">
      <class name="DemoMavenPackage.DemoTestMaven">
        <test-method status="PASS" signature="PageTest()[pri:0, instance:DemoMavenPackage.DemoTestMaven@783e6358]" name="PageTest" duration-ms="9849" started-at="2018-12-15T22:40:33Z" finished-at="2018-12-15T22:40:43Z">
          <reporter-output>
          </reporter-output>
        </test-method> <!-- PageTest -->
      </class> <!-- DemoMavenPackage.DemoTestMaven -->
    </test> <!-- Test -->
  </suite> <!-- Suite -->
</testng-results>
