<?xml version="1.0" encoding="UTF-8"?>
<testng-results skipped="0" failed="0" ignored="0" total="1" passed="1">
  <reporter-output>
  </reporter-output>
  <suite name="Suite" duration-ms="7143" started-at="2018-12-13T17:58:54Z" finished-at="2018-12-13T17:59:02Z">
    <groups>
    </groups>
    <test name="Test" duration-ms="7143" started-at="2018-12-13T17:58:54Z" finished-at="2018-12-13T17:59:02Z">
      <class name="DemoMavenPackage.DemoTestMaven">
        <test-method status="PASS" signature="PageTest()[pri:0, instance:DemoMavenPackage.DemoTestMaven@7823a2f9]" name="PageTest" duration-ms="7123" started-at="2018-12-13T23:28:54Z" finished-at="2018-12-13T23:29:02Z">
          <reporter-output>
          </reporter-output>
        </test-method> <!-- PageTest -->
      </class> <!-- DemoMavenPackage.DemoTestMaven -->
    </test> <!-- Test -->
  </suite> <!-- Suite -->
</testng-results>
